# JRE version: OpenJDK Runtime Environment (11.0.13) (build 11.0.13+0-b1751.21-8125866)
# Java VM: OpenJDK 64-Bit Server VM (11.0.13+0-b1751.21-8125866, mixed mode, tiered, compressed oops, g1 gc, windows-amd64)
Heap:
 garbage-first heap   total 138240K, used 47902K [0x0000000080000000, 0x0000000100000000)
  region size 1024K, 7 young (7168K), 3 survivors (3072K)
 Metaspace       used 59303K, capacity 60736K, committed 60912K, reserved 1101824K
  class space    used 7490K, capacity 8075K, committed 8140K, reserved 1048576K
GC Heap History (20 events):
Event: 4.766 GC heap before
{Heap before GC invocations=2 (full 0):
 garbage-first heap   total 114688K, used 57268K [0x0000000080000000, 0x0000000100000000)
  region size 1024K, 47 young (48128K), 1 survivors (1024K)
 Metaspace       used 17286K, capacity 17709K, committed 17792K, reserved 1064960K
  class space    used 1989K, capacity 2143K, committed 2176K, reserved 1048576K
}
Event: 4.775 GC heap after
{Heap after GC invocations=3 (full 0):
 garbage-first heap   total 114688K, used 16137K [0x0000000080000000, 0x0000000100000000)
  region size 1024K, 6 young (6144K), 6 survivors (6144K)
 Metaspace       used 17286K, capacity 17709K, committed 17792K, reserved 1064960K
  class space    used 1989K, capacity 2143K, committed 2176K, reserved 1048576K
}
Event: 5.408 GC heap before
{Heap before GC invocations=3 (full 0):
 garbage-first heap   total 114688K, used 48905K [0x0000000080000000, 0x0000000100000000)
  region size 1024K, 40 young (40960K), 6 survivors (6144K)
 Metaspace       used 20758K, capacity 21191K, committed 21296K, reserved 1069056K
  class space    used 2526K, capacity 2686K, committed 2688K, reserved 1048576K
}
Event: 5.418 GC heap after
{Heap after GC invocations=4 (full 0):
 garbage-first heap   total 114688K, used 17485K [0x0000000080000000, 0x0000000100000000)
  region size 1024K, 2 young (2048K), 2 survivors (2048K)
 Metaspace       used 20758K, capacity 21191K, committed 21296K, reserved 1069056K
  class space    used 2526K, capacity 2686K, committed 2688K, reserved 1048576K
}
Event: 6.469 GC heap before
{Heap before GC invocations=5 (full 0):
 garbage-first heap   total 114688K, used 63565K [0x0000000080000000, 0x0000000100000000)
  region size 1024K, 48 young (49152K), 2 survivors (2048K)
 Metaspace       used 25567K, capacity 26160K, committed 26236K, reserved 1073152K
  class space    used 3298K, capacity 3518K, committed 3532K, reserved 1048576K
}
Event: 6.474 GC heap after
{Heap after GC invocations=6 (full 0):
 garbage-first heap   total 114688K, used 19145K [0x0000000080000000, 0x0000000100000000)
  region size 1024K, 3 young (3072K), 3 survivors (3072K)
 Metaspace       used 25567K, capacity 26160K, committed 26236K, reserved 1073152K
  class space    used 3298K, capacity 3518K, committed 3532K, reserved 1048576K
}
Event: 7.503 GC heap before
{Heap before GC invocations=6 (full 0):
 garbage-first heap   total 114688K, used 69321K [0x0000000080000000, 0x0000000100000000)
  region size 1024K, 52 young (53248K), 3 survivors (3072K)
 Metaspace       used 30134K, capacity 30835K, committed 31100K, reserved 1077248K
  class space    used 3993K, capacity 4252K, committed 4300K, reserved 1048576K
}
Event: 7.509 GC heap after
{Heap after GC invocations=7 (full 0):
 garbage-first heap   total 114688K, used 20607K [0x0000000080000000, 0x0000000100000000)
  region size 1024K, 5 young (5120K), 5 survivors (5120K)
 Metaspace       used 30134K, capacity 30835K, committed 31100K, reserved 1077248K
  class space    used 3993K, capacity 4252K, committed 4300K, reserved 1048576K
}
Event: 8.274 GC heap before
{Heap before GC invocations=7 (full 0):
 garbage-first heap   total 114688K, used 39039K [0x0000000080000000, 0x0000000100000000)
  region size 1024K, 24 young (24576K), 5 survivors (5120K)
 Metaspace       used 35181K, capacity 35942K, committed 35964K, reserved 1081344K
  class space    used 4514K, capacity 4808K, committed 4812K, reserved 1048576K
}
Event: 8.291 GC heap after
{Heap after GC invocations=8 (full 0):
 garbage-first heap   total 114688K, used 23115K [0x0000000080000000, 0x0000000100000000)
  region size 1024K, 6 young (6144K), 6 survivors (6144K)
 Metaspace       used 35181K, capacity 35942K, committed 35964K, reserved 1081344K
  class space    used 4514K, capacity 4808K, committed 4812K, reserved 1048576K
}
Event: 9.378 GC heap before
{Heap before GC invocations=9 (full 0):
 garbage-first heap   total 114688K, used 76363K [0x0000000080000000, 0x0000000100000000)
  region size 1024K, 56 young (57344K), 6 survivors (6144K)
 Metaspace       used 39319K, capacity 40136K, committed 40316K, reserved 1085440K
  class space    used 4953K, capacity 5263K, committed 5324K, reserved 1048576K
}
Event: 9.390 GC heap after
{Heap after GC invocations=10 (full 0):
 garbage-first heap   total 114688K, used 27111K [0x0000000080000000, 0x0000000100000000)
  region size 1024K, 7 young (7168K), 7 survivors (7168K)
 Metaspace       used 39319K, capacity 40136K, committed 40316K, reserved 1085440K
  class space    used 4953K, capacity 5263K, committed 5324K, reserved 1048576K
}
Event: 10.901 GC heap before
{Heap before GC invocations=10 (full 0):
 garbage-first heap   total 114688K, used 78311K [0x0000000080000000, 0x0000000100000000)
  region size 1024K, 57 young (58368K), 7 survivors (7168K)
 Metaspace       used 44161K, capacity 45174K, committed 45308K, reserved 1089536K
  class space    used 5554K, capacity 5928K, committed 5964K, reserved 1048576K
}
Event: 10.914 GC heap after
{Heap after GC invocations=11 (full 0):
 garbage-first heap   total 114688K, used 29452K [0x0000000080000000, 0x0000000100000000)
  region size 1024K, 7 young (7168K), 7 survivors (7168K)
 Metaspace       used 44161K, capacity 45174K, committed 45308K, reserved 1089536K
  class space    used 5554K, capacity 5928K, committed 5964K, reserved 1048576K
}
Event: 13.375 GC heap before
{Heap before GC invocations=11 (full 0):
 garbage-first heap   total 114688K, used 80652K [0x0000000080000000, 0x0000000100000000)
  region size 1024K, 57 young (58368K), 7 survivors (7168K)
 Metaspace       used 47781K, capacity 48916K, committed 49276K, reserved 1091584K
  class space    used 6056K, capacity 6497K, committed 6604K, reserved 1048576K
}
Event: 13.384 GC heap after
{Heap after GC invocations=12 (full 0):
 garbage-first heap   total 138240K, used 31892K [0x0000000080000000, 0x0000000100000000)
  region size 1024K, 6 young (6144K), 6 survivors (6144K)
 Metaspace       used 47781K, capacity 48916K, committed 49276K, reserved 1091584K
  class space    used 6056K, capacity 6497K, committed 6604K, reserved 1048576K
}
Event: 20.083 GC heap before
{Heap before GC invocations=12 (full 0):
 garbage-first heap   total 138240K, used 100500K [0x0000000080000000, 0x0000000100000000)
  region size 1024K, 69 young (70656K), 6 survivors (6144K)
 Metaspace       used 51436K, capacity 52752K, committed 52988K, reserved 1095680K
  class space    used 6493K, capacity 6974K, committed 6988K, reserved 1048576K
}
Event: 20.097 GC heap after
{Heap after GC invocations=13 (full 0):
 garbage-first heap   total 138240K, used 42145K [0x0000000080000000, 0x0000000100000000)
  region size 1024K, 9 young (9216K), 9 survivors (9216K)
 Metaspace       used 51436K, capacity 52752K, committed 52988K, reserved 1095680K
  class space    used 6493K, capacity 6974K, committed 6988K, reserved 1048576K
}
Event: 21.755 GC heap before
{Heap before GC invocations=13 (full 0):
 garbage-first heap   total 138240K, used 94369K [0x0000000080000000, 0x0000000100000000)
  region size 1024K, 61 young (62464K), 9 survivors (9216K)
 Metaspace       used 59030K, capacity 60448K, committed 60580K, reserved 1101824K
  class space    used 7453K, capacity 7979K, committed 8012K, reserved 1048576K
}
Event: 21.780 GC heap after
{Heap after GC invocations=14 (full 0):
 garbage-first heap   total 138240K, used 44830K [0x0000000080000000, 0x0000000100000000)
  region size 1024K, 3 young (3072K), 3 survivors (3072K)
 Metaspace       used 59030K, capacity 60448K, committed 60580K, reserved 1101824K
  class space    used 7453K, capacity 7979K, committed 8012K, reserved 1048576K
}

